<?xml version="1.0" encoding="UTF-8"?>
<!-- Generated by org.testng.reporters.JUnitReportReporter -->
<testsuite hostname="AGI-LT-1922" failures="0" tests="1" name="test.DriverLoad" time="1.035" errors="0" timestamp="2021-10-25T23:29:28 IST" skipped="0">
  <testcase classname="test.DriverLoad" name="baseFunction" time="1.035"/>
  <system-out/>
</testsuite> <!-- test.DriverLoad -->
