<?xml version="1.0" encoding="UTF-8"?>
<!-- Generated by org.testng.reporters.JUnitReportReporter -->
<testsuite hostname="AGI-LT-1922" failures="0" tests="1" name="test.BlazeDemoPage" time="7.025" errors="0" timestamp="2021-10-28T23:39:22 IST" skipped="0">
  <testcase classname="test.BlazeDemoPage" name="blazeDemo" time="7.025"/>
  <system-out/>
</testsuite> <!-- test.BlazeDemoPage -->
