<?xml version="1.0" encoding="UTF-8"?>
<!-- Generated by org.testng.reporters.JUnitReportReporter -->
<testsuite hostname="AGI-LT-1922" failures="0" tests="1" name="amazon.AmazonTest" time="14.034" errors="0" timestamp="2021-10-12T12:04:28 IST" skipped="0">
  <testcase classname="amazon.AmazonTest" name="TS001" time="14.034"/>
  <system-out/>
</testsuite> <!-- amazon.AmazonTest -->
