<?xml version="1.0" encoding="UTF-8"?>
<!-- Generated by org.testng.reporters.JUnitReportReporter -->
<testsuite hostname="AGI-LT-1922" failures="0" tests="1" name="com.girish.am.AMTesting.TestNGDemo3" time="9.046" errors="0" timestamp="2021-10-07T12:54:50 IST" skipped="0">
  <testcase classname="com.girish.am.AMTesting.TestNGDemo3" name="OpenApp" time="9.046"/>
  <system-out/>
</testsuite> <!-- com.girish.am.AMTesting.TestNGDemo3 -->
