<?xml version="1.0" encoding="UTF-8"?>
<!-- Generated by org.testng.reporters.JUnitReportReporter -->
<testsuite hostname="AGI-LT-1922" failures="0" tests="2" name="com.girish.am.AMTesting.TestNGDemo2" time="8.835" errors="0" timestamp="2021-10-07T12:54:50 IST" skipped="0">
  <testcase classname="com.girish.am.AMTesting.TestNGDemo2" name="OpenApp" time="4.679"/>
  <system-out/>
  <testcase classname="com.girish.am.AMTesting.TestNGDemo2" name="CloseApp" time="4.156"/>
  <system-out/>
</testsuite> <!-- com.girish.am.AMTesting.TestNGDemo2 -->
