<?xml version="1.0" encoding="UTF-8"?>
<!-- Generated by org.testng.reporters.JUnitReportReporter -->
<testsuite hostname="AGI-LT-1922" failures="0" tests="1" name="com.girish.am.AMTesting.google.GoogleTC" time="12.795" errors="0" timestamp="2021-10-11T12:02:07 IST" skipped="0">
  <testcase classname="com.girish.am.AMTesting.google.GoogleTC" name="google" time="12.795"/>
  <system-out/>
</testsuite> <!-- com.girish.am.AMTesting.google.GoogleTC -->
