<?xml version="1.0" encoding="UTF-8"?>
<!-- Generated by org.testng.reporters.JUnitReportReporter -->
<testsuite hostname="AGI-LT-1922" failures="0" tests="1" name="amazon.AmazonPageTitle" time="11.010" errors="0" timestamp="2021-10-12T12:04:28 IST" skipped="0">
  <testcase classname="amazon.AmazonPageTitle" name="TS002" time="11.010"/>
  <system-out/>
</testsuite> <!-- amazon.AmazonPageTitle -->
