<?xml version="1.0" encoding="UTF-8"?>
<!-- Generated by org.testng.reporters.JUnitReportReporter -->
<testsuite hostname="AGI-LT-1922" failures="0" tests="1" name="com.girish.am.AMTesting.Demo" time="5.609" errors="0" timestamp="2021-10-07T12:54:50 IST" skipped="0">
  <testcase classname="com.girish.am.AMTesting.Demo" name="google" time="5.609"/>
  <system-out/>
</testsuite> <!-- com.girish.am.AMTesting.Demo -->
